<?xml version='1.0' encoding='UTF-8'?>
<testsuite hostname="MacBook-Pro-3.local" name="example.PrinterSpec" tests="2" errors="0" failures="1" skipped="0" time="50.82">
                     <properties>
[...]
</properties>
                     <testcase classname="example.PrinterSpec" name="A minefield printer should print a simple 4x4 field" time="50.82">
                                                 <failure message="20198 was not equal to 22" type="org.scalatest.exceptions.TestFailedException">org.scalatest.exceptions.TestFailedException: 20198 was not equal to 22
	at org.scalatest.MatchersHelper$.indicateFailure(MatchersHelper.scala:340)
	at org.scalatest.Matchers$AnyShouldWrapper.shouldBe(Matchers.scala:6864)
	at example.PrinterSpec.$anonfun$new$1(PrinterSpec.scala:13)
	at org.scalatest.OutcomeOf.outcomeOf(OutcomeOf.scala:85)
	at org.scalatest.OutcomeOf.outcomeOf$(OutcomeOf.scala:83)
	at org.scalatest.OutcomeOf$.outcomeOf(OutcomeOf.scala:104)
	at org.scalatest.Transformer.apply(Transformer.scala:22)
	at org.scalatest.Transformer.apply(Transformer.scala:20)
	at org.scalatest.FlatSpecLike$$anon$1.apply(FlatSpecLike.scala:1682)
	at org.scalatest.TestSuite.withFixture(TestSuite.scala:196)
	at org.scalatest.TestSuite.withFixture$(TestSuite.scala:195)
	at org.scalatest.FlatSpec.withFixture(FlatSpec.scala:1685)
	at org.scalatest.FlatSpecLike.invokeWithFixture$1(FlatSpecLike.scala:1680)
	at org.scalatest.FlatSpecLike.$anonfun$runTest$1(FlatSpecLike.scala:1692)
	at org.scalatest.SuperEngine.runTestImpl(Engine.scala:289)
	at org.scalatest.FlatSpecLike.runTest(FlatSpecLike.scala:1692)
	at org.scalatest.FlatSpecLike.runTest$(FlatSpecLike.scala:1674)
	at org.scalatest.FlatSpec.runTest(FlatSpec.scala:1685)
	at org.scalatest.FlatSpecLike.$anonfun$runTests$1(FlatSpecLike.scala:1750)
	at org.scalatest.SuperEngine.$anonfun$runTestsInBranch$1(Engine.scala:396)
	at scala.collection.immutable.List.foreach(List.scala:389)
	at org.scalatest.SuperEngine.traverseSubNodes$1(Engine.scala:384)
	at org.scalatest.SuperEngine.runTestsInBranch(Engine.scala:373)
	at org.scalatest.SuperEngine.$anonfun$runTestsInBranch$1(Engine.scala:410)
	at scala.collection.immutable.List.foreach(List.scala:389)
	at org.scalatest.SuperEngine.traverseSubNodes$1(Engine.scala:384)
	at org.scalatest.SuperEngine.runTestsInBranch(Engine.scala:379)
	at org.scalatest.SuperEngine.runTestsImpl(Engine.scala:461)
	at org.scalatest.FlatSpecLike.runTests(FlatSpecLike.scala:1750)
	at org.scalatest.FlatSpecLike.runTests$(FlatSpecLike.scala:1749)
	at org.scalatest.FlatSpec.runTests(FlatSpec.scala:1685)
	at org.scalatest.Suite.run(Suite.scala:1147)
	at org.scalatest.Suite.run$(Suite.scala:1129)
	at org.scalatest.FlatSpec.org$scalatest$FlatSpecLike$$super$run(FlatSpec.scala:1685)
	at org.scalatest.FlatSpecLike.$anonfun$run$1(FlatSpecLike.scala:1795)
	at org.scalatest.SuperEngine.runImpl(Engine.scala:521)
	at org.scalatest.FlatSpecLike.run(FlatSpecLike.scala:1795)
	at org.scalatest.FlatSpecLike.run$(FlatSpecLike.scala:1793)
	at org.scalatest.FlatSpec.run(FlatSpec.scala:1685)
	at org.scalatest.tools.Framework.org$scalatest$tools$Framework$$runSuite(Framework.scala:314)
	at org.scalatest.tools.Framework$ScalaTestTask.execute(Framework.scala:507)
	at sbt.TestRunner.runTest$1(TestFramework.scala:76)
	at sbt.TestRunner.run(TestFramework.scala:85)
	at sbt.TestFramework$$anon$2$$anonfun$$init$$1$$anonfun$apply$8.apply(TestFramework.scala:202)
	at sbt.TestFramework$$anon$2$$anonfun$$init$$1$$anonfun$apply$8.apply(TestFramework.scala:202)
	at sbt.TestFramework$.sbt$TestFramework$$withContextLoader(TestFramework.scala:185)
	at sbt.TestFramework$$anon$2$$anonfun$$init$$1.apply(TestFramework.scala:202)
	at sbt.TestFramework$$anon$2$$anonfun$$init$$1.apply(TestFramework.scala:202)
	at sbt.TestFunction.apply(TestFramework.scala:207)
	at sbt.Tests$$anonfun$9.apply(Tests.scala:216)
	at sbt.Tests$$anonfun$9.apply(Tests.scala:216)
	at sbt.std.Transform$$anon$3$$anonfun$apply$2.apply(System.scala:44)
	at sbt.std.Transform$$anon$3$$anonfun$apply$2.apply(System.scala:44)
	at sbt.std.Transform$$anon$4.work(System.scala:63)
	at sbt.Execute$$anonfun$submit$1$$anonfun$apply$1.apply(Execute.scala:228)
	at sbt.Execute$$anonfun$submit$1$$anonfun$apply$1.apply(Execute.scala:228)
	at sbt.ErrorHandling$.wideConvert(ErrorHandling.scala:17)
	at sbt.Execute.work(Execute.scala:237)
	at sbt.Execute$$anonfun$submit$1.apply(Execute.scala:228)
	at sbt.Execute$$anonfun$submit$1.apply(Execute.scala:228)
	at sbt.ConcurrentRestrictions$$anon$4$$anonfun$1.apply(ConcurrentRestrictions.scala:159)
	at sbt.CompletionService$$anon$2.call(CompletionService.scala:28)
	at java.util.concurrent.FutureTask.run(FutureTask.java:266)
	at java.util.concurrent.Executors$RunnableAdapter.call(Executors.java:511)
	at java.util.concurrent.FutureTask.run(FutureTask.java:266)
	at java.util.concurrent.ThreadPoolExecutor.runWorker(ThreadPoolExecutor.java:1142)
	at java.util.concurrent.ThreadPoolExecutor$Worker.run(ThreadPoolExecutor.java:617)
	at java.lang.Thread.run(Thread.java:745)
</failure>
                                               </testcase><testcase classname="example.PrinterSpec" name="A minefield printer should print the kata solution" time="0.0">
                                                 
                                               </testcase>
                     <system-out></system-out>
                     <system-err></system-err>
                   </testsuite>